<?xml version="1.0" encoding="UTF-8"?>
<testsuite xmlns:xsi="http://www.w3.org/2001/XMLSchema-instance" xsi:noNamespaceSchemaLocation="https://maven.apache.org/surefire/maven-surefire-plugin/xsd/surefire-test-report-3.0.xsd" version="3.0" name="TestSuite" time="20.323" tests="1" errors="0" skipped="0" failures="0">
  <properties>
[...]
</properties>
  <testcase name="runScenario[&quot;Adding product to cart&quot;, &quot;Adding product&quot;](1)" classname="Runner.RE_MagentoRunnerTest1" time="19.188">
    <system-out><![CDATA[
@regression
Scenario: Adding product to cart                                      &amp#27;[90m# src/test/resources/RE_Features/RE2_AddToCart.feature:10&amp#27;[0m
  &amp#27;[32mGiven &amp#27;[0m&amp#27;[32mI am at home page&amp#27;[0m                                             &amp#27;[90m# StepDefinations.RE_HomePageSteps.i_am_at_home_page()&amp#27;[0m
  &amp#27;[32mWhen &amp#27;[0m&amp#27;[32mI Select product&amp#27;[0m                                               &amp#27;[90m# StepDefinations.RE2_ProductPageSteps.i_select_product()&amp#27;[0m
  &amp#27;[32mThen &amp#27;[0m&amp#27;[32mProduct page should display&amp#27;[0m                                    &amp#27;[90m# StepDefinations.RE2_ProductPageSteps.product_page_should_display()&amp#27;[0m
  &amp#27;[32mWhen &amp#27;[0m&amp#27;[32mI select size & colour&amp#27;[0m                                         &amp#27;[90m# StepDefinations.RE2_ProductPageSteps.i_select_size_colour()&amp#27;[0m
  &amp#27;[32mAnd &amp#27;[0m&amp#27;[32mclick on add to cart&amp#27;[0m                                            &amp#27;[90m# StepDefinations.RE2_ProductPageSteps.click_on_add_to_cart()&amp#27;[0m
  &amp#27;[32mThen &amp#27;[0m&amp#27;[32mI should See product added confirmation msg ad &amp#27;[0m&amp#27;[32m&amp#27;[1m"shopping cart"&amp#27;[0m &amp#27;[90m# StepDefinations.RE2_ProductPageSteps.i_should_see_product_added_confirmation(java.lang.String)&amp#27;[0m
]]></system-out>
    <system-err><![CDATA[SLF4J: Failed to load class "org.slf4j.impl.StaticLoggerBinder".
SLF4J: Defaulting to no-operation (NOP) logger implementation
SLF4J: See http://www.slf4j.org/codes.html#StaticLoggerBinder for further details.
]]></system-err>
  </testcase>
</testsuite>