<?xml version="1.0" encoding="UTF-8"?>
<testng-results ignored="0" total="1" passed="1" failed="0" skipped="0">
  <reporter-output>
  </reporter-output>
  <suite started-at="2024-01-30T16:18:19 IST" name="Suite" finished-at="2024-01-30T16:18:39 IST" duration-ms="19721">
    <groups>
      <group name="cucumber">
        <method signature="AbstractTestNGCucumberTests.runScenario(io.cucumber.testng.PickleWrapper,io.cucumber.testng.FeatureWrapper)[pri:0, instance:Runner.RE_MagentoRunnerTest1@4efbca5a]" name="runScenario" class="io.cucumber.testng.AbstractTestNGCucumberTests"/>
      </group> <!-- cucumber -->
    </groups>
    <test started-at="2024-01-30T16:18:19 IST" name="Test" finished-at="2024-01-30T16:18:39 IST" duration-ms="19721">
      <class name="Runner.RE_MagentoRunnerTest1">
        <test-method is-config="true" signature="setUpClass(org.testng.ITestContext)[pri:0, instance:Runner.RE_MagentoRunnerTest1@4efbca5a]" started-at="2024-01-30T16:18:19 IST" name="setUpClass" finished-at="2024-01-30T16:18:20 IST" duration-ms="429" status="PASS">
          <params>
            <param index="0">
              <value>
                <![CDATA[org.testng.TestRunner@7c601d50]]>
              </value>
            </param>
          </params>
          <reporter-output>
          </reporter-output>
        </test-method> <!-- setUpClass -->
        <test-method signature="runScenario(io.cucumber.testng.PickleWrapper,io.cucumber.testng.FeatureWrapper)[pri:0, instance:Runner.RE_MagentoRunnerTest1@4efbca5a]" started-at="2024-01-30T16:18:20 IST" name="runScenario" description="Runs Cucumber Scenarios" data-provider="scenarios" finished-at="2024-01-30T16:18:39 IST" duration-ms="19194" status="PASS">
          <params>
            <param index="0">
              <value>
                <![CDATA["Adding product to cart"]]>
              </value>
            </param>
            <param index="1">
              <value>
                <![CDATA["Adding product"]]>
              </value>
            </param>
          </params>
          <reporter-output>
          </reporter-output>
        </test-method> <!-- runScenario -->
        <test-method is-config="true" signature="tearDownClass()[pri:0, instance:Runner.RE_MagentoRunnerTest1@4efbca5a]" started-at="2024-01-30T16:18:39 IST" name="tearDownClass" finished-at="2024-01-30T16:18:39 IST" duration-ms="58" status="PASS">
          <reporter-output>
          </reporter-output>
        </test-method> <!-- tearDownClass -->
      </class> <!-- Runner.RE_MagentoRunnerTest1 -->
    </test> <!-- Test -->
  </suite> <!-- Suite -->
</testng-results>
